<?xml version="1.0" encoding="UTF-8"?>
<!-- Generated by org.testng.reporters.JUnitReportReporter -->
<testsuite skipped="0" hostname="ICPL12742" name="RunnerClass.RunCucumberTest" tests="1" failures="0" timestamp="26 Jun 2019 02:37:56 GMT" time="16.371" errors="0">
  <testcase name="runScenario" time="16.371" classname="RunnerClass.RunCucumberTest"/>
</testsuite> <!-- RunnerClass.RunCucumberTest -->
